<?xml version="1.0" encoding="UTF-8"?>
<testng-results skipped="0" failed="0" total="1" passed="1">
  <reporter-output>
  </reporter-output>
  <suite name="Default suite" duration-ms="14409" started-at="2020-06-18T11:27:47Z" finished-at="2020-06-18T11:28:02Z">
    <groups>
    </groups>
    <test name="Default test" duration-ms="14409" started-at="2020-06-18T11:27:47Z" finished-at="2020-06-18T11:28:02Z">
      <class name="com.gmail.tests.GmailLoginTest">
        <test-method status="PASS" signature="begin()[pri:0, instance:com.gmail.tests.GmailLoginTest@3ffc5af1]" name="begin" is-config="true" duration-ms="125" started-at="2020-06-18T16:57:47Z" finished-at="2020-06-18T16:57:47Z">
          <reporter-output>
          </reporter-output>
        </test-method> <!-- begin -->
        <test-method status="PASS" signature="loadBrowser()[pri:0, instance:com.gmail.tests.GmailLoginTest@3ffc5af1]" name="loadBrowser" is-config="true" duration-ms="5801" started-at="2020-06-18T16:57:47Z" finished-at="2020-06-18T16:57:53Z">
          <reporter-output>
          </reporter-output>
        </test-method> <!-- loadBrowser -->
        <test-method status="PASS" signature="setUp()[pri:0, instance:com.gmail.tests.GmailLoginTest@3ffc5af1]" name="setUp" is-config="true" duration-ms="5" started-at="2020-06-18T16:57:53Z" finished-at="2020-06-18T16:57:53Z">
          <reporter-output>
          </reporter-output>
        </test-method> <!-- setUp -->
        <test-method status="PASS" signature="loginTest(java.lang.String, java.lang.String)[pri:0, instance:com.gmail.tests.GmailLoginTest@3ffc5af1]" name="loginTest" duration-ms="8323" started-at="2020-06-18T16:57:53Z" data-provider="TestData" finished-at="2020-06-18T16:58:02Z">
          <params>
            <param index="0">
              <value>
                <![CDATA[sample.automation.test]]>
              </value>
            </param>
            <param index="1">
              <value>
                <![CDATA[Sample@123]]>
              </value>
            </param>
          </params>
          <reporter-output>
          </reporter-output>
        </test-method> <!-- loginTest -->
      </class> <!-- com.gmail.tests.GmailLoginTest -->
    </test> <!-- Default test -->
  </suite> <!-- Default suite -->
</testng-results>
